<?xml version="1.0" encoding="UTF-8"?>
<!-- Generated by org.testng.reporters.JUnitReportReporter -->
<testsuite hostname="LAPTOP-U35LVRD0" failures="0" tests="1" name="zoopla.uk.my.runner.MyRunner" time="22.307" errors="0" timestamp="6 Dec 2020 03:05:46 GMT">
  <testcase classname="zoopla.uk.my.runner.MyRunner" name="feature" time="22.307"/>
</testsuite> <!-- zoopla.uk.my.runner.MyRunner -->
